Using pre-set license
Built from '2020.3/release' branch; Version is '2020.3.1f1 (77a89f25062f) revision 7841951'; Using compiler version '192528614'; Build Type 'Release'
OS: 'Windows 10 Home; OS build 19041.985; Version 2004; 64bit' Language: 'ko' Physical Memory: 7539 MB
BatchMode: 1, IsHumanControllingUs: 0, StartBugReporterOnCrash: 0, Is64bit: 1, IsPro: 0

 COMMAND LINE ARGUMENTS:
C:\Program Files\Unity\Hub\Editor\2020.3.1f1\Editor\Unity.exe
-adb2
-batchMode
-noUpm
-name
AssetImportWorker0
-projectPath
C:/Users/ssmin/Desktop/2021-1/DATA/ForGit/ManBoGoChi
-logFile
Logs/AssetImportWorker0.log
-srvPort
14726
Successfully changed project path to: C:/Users/ssmin/Desktop/2021-1/DATA/ForGit/ManBoGoChi
C:/Users/ssmin/Desktop/2021-1/DATA/ForGit/ManBoGoChi
Using Asset Import Pipeline V2.
Refreshing native plugins compatible for Editor in 62.57 ms, found 1 plugins.
Preloading 0 native plugins for Editor in 0.00 ms.
Initialize engine version: 2020.3.1f1 (77a89f25062f)
[Subsystems] Discovering subsystems at path C:/Program Files/Unity/Hub/Editor/2020.3.1f1/Editor/Data/Resources/UnitySubsystems
[Subsystems] Discovering subsystems at path C:/Users/ssmin/Desktop/2021-1/DATA/ForGit/ManBoGoChi/Assets
GfxDevice: creating device client; threaded=0
Direct3D:
    Version:  Direct3D 11.0 [level 11.1]
    Renderer: NVIDIA GeForce GTX 1660 Ti (ID=0x2191)
    Vendor:   
    VRAM:     5991 MB
    Driver:   27.21.14.6230
Initialize mono
Mono path[0] = 'C:/Program Files/Unity/Hub/Editor/2020.3.1f1/Editor/Data/Managed'
Mono path[1] = 'C:/Program Files/Unity/Hub/Editor/2020.3.1f1/Editor/Data/MonoBleedingEdge/lib/mono/unityjit'
Mono config path = 'C:/Program Files/Unity/Hub/Editor/2020.3.1f1/Editor/Data/MonoBleedingEdge/etc'
Using monoOptions --debugger-agent=transport=dt_socket,embedding=1,server=y,suspend=n,address=127.0.0.1:56532
Begin MonoManager ReloadAssembly
Registering precompiled unity dll's ...
Register platform support module: C:/Program Files/Unity/Hub/Editor/2020.3.1f1/Editor/Data/PlaybackEngines/WindowsStandaloneSupport/UnityEditor.WindowsStandalone.Extensions.dll
Registered in 0.004558 seconds.
Native extension for WindowsStandalone target not found
Refreshing native plugins compatible for Editor in 47.14 ms, found 1 plugins.
Preloading 0 native plugins for Editor in 0.00 ms.
Invoked RoslynAnalysisRunner static constructor.
RoslynAnalysisRunner will not be running.
RoslynAnalysisRunner has terminated.
Mono: successfully reloaded assembly
- Completed reload, in  3.726 seconds
Platform modules already initialized, skipping
Registering precompiled user dll's ...
Registered in 0.003106 seconds.
Begin MonoManager ReloadAssembly
Native extension for WindowsStandalone target not found
Refreshing native plugins compatible for Editor in 45.88 ms, found 1 plugins.
Preloading 0 native plugins for Editor in 0.00 ms.
Invoked RoslynAnalysisRunner static constructor.
RoslynAnalysisRunner will not be running.
RoslynAnalysisRunner has terminated.
Mono: successfully reloaded assembly
- Completed reload, in  1.056 seconds
Platform modules already initialized, skipping
========================================================================
Worker process is ready to serve import requests
Launched and connected shader compiler UnityShaderCompiler.exe after 0.08 seconds
Refreshing native plugins compatible for Editor in 0.58 ms, found 1 plugins.
Preloading 0 native plugins for Editor in 0.00 ms.
Unloading 2269 Unused Serialized files (Serialized files now loaded: 0)
System memory in use before: 104.1 MB.
System memory in use after: 104.3 MB.

Unloading 36 unused Assets to reduce memory usage. Loaded Objects now: 2703.
Total: 2.777600 ms (FindLiveObjects: 0.346000 ms CreateObjectMapping: 0.087000 ms MarkObjects: 2.202800 ms  DeleteObjects: 0.139300 ms)

========================================================================
Received Import Request.
  path: Assets/Scenes/GameStartScene.unity
  artifactKey: Guid(8ea83bcbd10c02b46a3edd3d04187396) Importer(815301076,1909f56bfc062723c751e8b465ee728b)
Start importing Assets/Scenes/GameStartScene.unity using Guid(8ea83bcbd10c02b46a3edd3d04187396) Importer(815301076,1909f56bfc062723c751e8b465ee728b)  -> (artifact id: 'a81302f03b2c81aa249905c89e8386fe') in 0.022654 seconds
  Import took 0.027574 seconds .

========================================================================
Received Import Request.
  Time since last request: 111.717024 seconds.
  path: Assets/Scenes/MiniGameScene.unity
  artifactKey: Guid(ee9c6d7113c9eb341a545eb2e4dcf898) Importer(815301076,1909f56bfc062723c751e8b465ee728b)
Start importing Assets/Scenes/MiniGameScene.unity using Guid(ee9c6d7113c9eb341a545eb2e4dcf898) Importer(815301076,1909f56bfc062723c751e8b465ee728b)  -> (artifact id: '659c2bb7126eaa6923ea7c579a984bd7') in 0.013910 seconds
  Import took 0.019723 seconds .

========================================================================
Received Import Request.
  Time since last request: 358.521769 seconds.
  path: Assets/Scenes/MiniGameScene.unity
  artifactKey: Guid(ee9c6d7113c9eb341a545eb2e4dcf898) Importer(815301076,1909f56bfc062723c751e8b465ee728b)
Start importing Assets/Scenes/MiniGameScene.unity using Guid(ee9c6d7113c9eb341a545eb2e4dcf898) Importer(815301076,1909f56bfc062723c751e8b465ee728b)  -> (artifact id: '507a19c78d5ec5608951efdca9c03b5c') in 0.003713 seconds
  Import took 0.008544 seconds .

========================================================================
Received Import Request.
  Time since last request: 18.857283 seconds.
  path: Assets/Scenes/MinGameSub_1.unity
  artifactKey: Guid(96bee41198e43d843ae83bdac90a28db) Importer(815301076,1909f56bfc062723c751e8b465ee728b)
Start importing Assets/Scenes/MinGameSub_1.unity using Guid(96bee41198e43d843ae83bdac90a28db) Importer(815301076,1909f56bfc062723c751e8b465ee728b)  -> (artifact id: '75e6ac8e636a8b1bfccf3c1ad798ac7a') in 0.010032 seconds
  Import took 0.014787 seconds .

========================================================================
Received Import Request.
  Time since last request: 9.213041 seconds.
  path: Assets/Scenes/MiniGameSub_02.unity
  artifactKey: Guid(a72290cc4a9f47a4f97267c3715add83) Importer(815301076,1909f56bfc062723c751e8b465ee728b)
Start importing Assets/Scenes/MiniGameSub_02.unity using Guid(a72290cc4a9f47a4f97267c3715add83) Importer(815301076,1909f56bfc062723c751e8b465ee728b)  -> (artifact id: 'a6c07ad3bd655b8eda832bd50ba71d1d') in 0.008629 seconds
  Import took 0.013173 seconds .

========================================================================
Received Import Request.
  Time since last request: 16.247213 seconds.
  path: Assets/Scenes/MinGameSub_03.unity
  artifactKey: Guid(3c0fdd57960e52645b4346983f83f569) Importer(815301076,1909f56bfc062723c751e8b465ee728b)
Start importing Assets/Scenes/MinGameSub_03.unity using Guid(3c0fdd57960e52645b4346983f83f569) Importer(815301076,1909f56bfc062723c751e8b465ee728b)  -> (artifact id: '87ab94a7a3e83803bd5cb54df8a5ea3a') in 0.009263 seconds
  Import took 0.013932 seconds .

========================================================================
Received Import Request.
  Time since last request: 37.955669 seconds.
  path: Assets/Scenes/MiniGameSub_04.unity
  artifactKey: Guid(5929e45b40e396b4c91e2753b32eabd5) Importer(815301076,1909f56bfc062723c751e8b465ee728b)
Start importing Assets/Scenes/MiniGameSub_04.unity using Guid(5929e45b40e396b4c91e2753b32eabd5) Importer(815301076,1909f56bfc062723c751e8b465ee728b)  -> (artifact id: 'cbbce770ad596613ed5ed1e5d685af54') in 0.009180 seconds
  Import took 0.014084 seconds .

========================================================================
Received Import Request.
  Time since last request: 0.001865 seconds.
  path: Assets/Scenes/MiniGameSub_04.unity
  artifactKey: Guid(5929e45b40e396b4c91e2753b32eabd5) Importer(815301076,1909f56bfc062723c751e8b465ee728b)
Start importing Assets/Scenes/MiniGameSub_04.unity using Guid(5929e45b40e396b4c91e2753b32eabd5) Importer(815301076,1909f56bfc062723c751e8b465ee728b)  -> (artifact id: 'cbbce770ad596613ed5ed1e5d685af54') in 0.003118 seconds
  Import took 0.007445 seconds .

========================================================================
Received Import Request.
  Time since last request: 36.089225 seconds.
  path: Assets/Scenes/MiniGameSub_01.unity
  artifactKey: Guid(7c84c66a45e113c40aaf7594118ec8a7) Importer(815301076,1909f56bfc062723c751e8b465ee728b)
Start importing Assets/Scenes/MiniGameSub_01.unity using Guid(7c84c66a45e113c40aaf7594118ec8a7) Importer(815301076,1909f56bfc062723c751e8b465ee728b)  -> (artifact id: '9d594a0f2287b0e0c2bc1cf690791231') in 0.009179 seconds
  Import took 0.014226 seconds .

AssetImportWorkerClient::OnTransportError - code=2 error=End of file
