Using pre-set license
Built from '2020.3/release' branch; Version is '2020.3.1f1 (77a89f25062f) revision 7841951'; Using compiler version '192528614'; Build Type 'Release'
OS: 'Windows 10 Education; OS build 19041.985; Version 2004; 64bit' Language: 'ko' Physical Memory: 8112 MB
BatchMode: 1, IsHumanControllingUs: 0, StartBugReporterOnCrash: 0, Is64bit: 1, IsPro: 0

 COMMAND LINE ARGUMENTS:
C:\Program Files\Unity\Hub\Editor\2020.3.1f1\Editor\Unity.exe
-adb2
-batchMode
-noUpm
-name
AssetImportWorker1
-projectPath
C:/Users/JDK/Documents/ManBoGoChi
-logFile
Logs/AssetImportWorker1.log
-srvPort
55111
Successfully changed project path to: C:/Users/JDK/Documents/ManBoGoChi
C:/Users/JDK/Documents/ManBoGoChi
Using Asset Import Pipeline V2.
Refreshing native plugins compatible for Editor in 54.96 ms, found 1 plugins.
Preloading 0 native plugins for Editor in 0.00 ms.
Initialize engine version: 2020.3.1f1 (77a89f25062f)
[Subsystems] Discovering subsystems at path C:/Program Files/Unity/Hub/Editor/2020.3.1f1/Editor/Data/Resources/UnitySubsystems
[Subsystems] Discovering subsystems at path C:/Users/JDK/Documents/ManBoGoChi/Assets
GfxDevice: creating device client; threaded=0
Direct3D:
    Version:  Direct3D 11.0 [level 11.1]
    Renderer: NVIDIA GeForce GTX 1660 Ti (ID=0x2191)
    Vendor:   
    VRAM:     5991 MB
    Driver:   26.21.14.4223
Initialize mono
Mono path[0] = 'C:/Program Files/Unity/Hub/Editor/2020.3.1f1/Editor/Data/Managed'
Mono path[1] = 'C:/Program Files/Unity/Hub/Editor/2020.3.1f1/Editor/Data/MonoBleedingEdge/lib/mono/unityjit'
Mono config path = 'C:/Program Files/Unity/Hub/Editor/2020.3.1f1/Editor/Data/MonoBleedingEdge/etc'
Using monoOptions --debugger-agent=transport=dt_socket,embedding=1,server=y,suspend=n,address=127.0.0.1:56848
Begin MonoManager ReloadAssembly
Registering precompiled unity dll's ...
Register platform support module: C:/Program Files/Unity/Hub/Editor/2020.3.1f1/Editor/Data/PlaybackEngines/WindowsStandaloneSupport/UnityEditor.WindowsStandalone.Extensions.dll
Registered in 0.003201 seconds.
Native extension for WindowsStandalone target not found
Refreshing native plugins compatible for Editor in 43.67 ms, found 1 plugins.
Preloading 0 native plugins for Editor in 0.00 ms.
Invoked RoslynAnalysisRunner static constructor.
RoslynAnalysisRunner will not be running.
RoslynAnalysisRunner has terminated.
Mono: successfully reloaded assembly
- Completed reload, in  4.509 seconds
Platform modules already initialized, skipping
Registering precompiled user dll's ...
Registered in 0.002158 seconds.
Begin MonoManager ReloadAssembly
Native extension for WindowsStandalone target not found
Refreshing native plugins compatible for Editor in 44.08 ms, found 1 plugins.
Preloading 0 native plugins for Editor in 0.00 ms.
Invoked RoslynAnalysisRunner static constructor.
RoslynAnalysisRunner will not be running.
RoslynAnalysisRunner has terminated.
Mono: successfully reloaded assembly
- Completed reload, in  1.058 seconds
Platform modules already initialized, skipping
========================================================================
Worker process is ready to serve import requests
Launched and connected shader compiler UnityShaderCompiler.exe after 0.06 seconds
Refreshing native plugins compatible for Editor in 0.51 ms, found 1 plugins.
Preloading 0 native plugins for Editor in 0.00 ms.
Unloading 2265 Unused Serialized files (Serialized files now loaded: 0)
System memory in use before: 101.4 MB.
System memory in use after: 101.6 MB.

Unloading 36 unused Assets to reduce memory usage. Loaded Objects now: 2699.
Total: 2.283700 ms (FindLiveObjects: 0.380000 ms CreateObjectMapping: 0.128700 ms MarkObjects: 1.709700 ms  DeleteObjects: 0.064400 ms)

========================================================================
Received Prepare
Refreshing native plugins compatible for Editor in 8.06 ms, found 1 plugins.
Preloading 0 native plugins for Editor in 0.00 ms.
Unloading 20 Unused Serialized files (Serialized files now loaded: 0)
System memory in use before: 55.9 MB.
System memory in use after: 56.0 MB.

Unloading 20 unused Assets to reduce memory usage. Loaded Objects now: 2699.
Total: 2.395200 ms (FindLiveObjects: 0.256000 ms CreateObjectMapping: 0.114300 ms MarkObjects: 2.005700 ms  DeleteObjects: 0.017800 ms)

========================================================================
Received Import Request.
  path: Assets/Scenes/GameStartScene.unity
  artifactKey: Guid(8ea83bcbd10c02b46a3edd3d04187396) Importer(815301076,1909f56bfc062723c751e8b465ee728b)
Start importing Assets/Scenes/GameStartScene.unity using Guid(8ea83bcbd10c02b46a3edd3d04187396) Importer(815301076,1909f56bfc062723c751e8b465ee728b)  -> (artifact id: '152fb13538a1c8d4486d4d84fc0a0c6b') in 0.011175 seconds
  Import took 0.014596 seconds .

========================================================================
Received Import Request.
  Time since last request: 0.018222 seconds.
  path: Assets/Scenes/GameStartScene.unity
  artifactKey: Guid(8ea83bcbd10c02b46a3edd3d04187396) Importer(815301076,1909f56bfc062723c751e8b465ee728b)
Start importing Assets/Scenes/GameStartScene.unity using Guid(8ea83bcbd10c02b46a3edd3d04187396) Importer(815301076,1909f56bfc062723c751e8b465ee728b)  -> (artifact id: '152fb13538a1c8d4486d4d84fc0a0c6b') in 0.003902 seconds
  Import took 0.007551 seconds .

========================================================================
Received Import Request.
  Time since last request: 12.547489 seconds.
  path: Assets/Scenes/StoreScene.unity
  artifactKey: Guid(0f3ab7b470d1d3d4099a3f9f544ca682) Importer(815301076,1909f56bfc062723c751e8b465ee728b)
Start importing Assets/Scenes/StoreScene.unity using Guid(0f3ab7b470d1d3d4099a3f9f544ca682) Importer(815301076,1909f56bfc062723c751e8b465ee728b)  -> (artifact id: '1b85f2208ea3ce34d681c8fd1556f166') in 0.004795 seconds
  Import took 0.009766 seconds .

========================================================================
Received Prepare
Registering precompiled user dll's ...
Registered in 0.003274 seconds.
Begin MonoManager ReloadAssembly
Native extension for WindowsStandalone target not found
Refreshing native plugins compatible for Editor in 0.52 ms, found 1 plugins.
Preloading 0 native plugins for Editor in 0.00 ms.
Invoked RoslynAnalysisRunner static constructor.
RoslynAnalysisRunner will not be running.
RoslynAnalysisRunner has terminated.
Mono: successfully reloaded assembly
- Completed reload, in  0.993 seconds
Platform modules already initialized, skipping
Switching build target platform(5) subTarget(0) extendedPlatform(0) -> platform(13) subTarget(537395200) extendedPlatform(0)
Refreshing native plugins compatible for Editor in 0.52 ms, found 1 plugins.
Preloading 0 native plugins for Editor in 0.00 ms.
Unloading 2245 Unused Serialized files (Serialized files now loaded: 0)
System memory in use before: 100.0 MB.
System memory in use after: 100.1 MB.

Unloading 22 unused Assets to reduce memory usage. Loaded Objects now: 2703.
Total: 2.485600 ms (FindLiveObjects: 0.433300 ms CreateObjectMapping: 0.133900 ms MarkObjects: 1.900300 ms  DeleteObjects: 0.016600 ms)

AssetImportParameters requested are different than current active one (requested -> active):
  custom:graphics/normal-map-encoding: 01000000000000000000000000000000 -> 02000000000000000000000000000000
========================================================================
Received Prepare
Registering precompiled user dll's ...
Registered in 0.002384 seconds.
Begin MonoManager ReloadAssembly
Native extension for WindowsStandalone target not found
Refreshing native plugins compatible for Editor in 0.52 ms, found 1 plugins.
Preloading 0 native plugins for Editor in 0.00 ms.
Invoked RoslynAnalysisRunner static constructor.
RoslynAnalysisRunner will not be running.
RoslynAnalysisRunner has terminated.
Mono: successfully reloaded assembly
- Completed reload, in  0.972 seconds
Platform modules already initialized, skipping
Switching build target platform(5) subTarget(0) extendedPlatform(0) -> platform(13) subTarget(537395200) extendedPlatform(0)
Refreshing native plugins compatible for Editor in 0.53 ms, found 1 plugins.
Preloading 0 native plugins for Editor in 0.00 ms.
Unloading 2245 Unused Serialized files (Serialized files now loaded: 0)
System memory in use before: 100.0 MB.
System memory in use after: 100.1 MB.

Unloading 22 unused Assets to reduce memory usage. Loaded Objects now: 2707.
Total: 2.545300 ms (FindLiveObjects: 0.350600 ms CreateObjectMapping: 0.157100 ms MarkObjects: 2.016100 ms  DeleteObjects: 0.019000 ms)

AssetImportParameters requested are different than current active one (requested -> active):
  custom:graphics/normal-map-encoding: 01000000000000000000000000000000 -> 02000000000000000000000000000000
AssetImportWorkerClient::OnTransportError - code=2 error=End of file
